C51 COMPILER V9.57.0.0   KEY                                                               01/06/2022 18:01:07 PAGE 1   


C51 COMPILER V9.57.0.0, COMPILATION OF MODULE KEY
OBJECT MODULE PLACED IN .\Objects\key.obj
COMPILER INVOKED BY: E:\keil\C51\BIN\C51.EXE key.c OPTIMIZE(8,SPEED) BROWSE DEBUG OBJECTEXTEND PRINT(.\Listings\key.lst)
                    - OBJECT(.\Objects\key.obj)

line level    source

   1          #include <REGX52.H>
   2          
   3          #define GPIO_KEY P1
   4          
   5          
   6          unsigned char KeyValue; //用来存放读取到的键值
   7          
   8          
   9          //u8 code smgduan[17]={0xc0,0xf9,0xa4,0xb0,0x99,0x92,0x82,0xf8,
  10          //                                      0x80,0x90,0x88,0x83,0xc6,0xa1,0x86,0x8e};//显示0~F的值
  11          
  12          
  13          /*延时函数，i=1时，大约延时10us*/
  14          void delay(unsigned int i)
  15          {
  16   1              while(i--);     
  17   1      }
  18          
  19          
  20          
  21          /*检测有按键按下并读取键值*/
  22          void KeyDown(void)
  23          {
  24   1              char a=0;
  25   1              GPIO_KEY=0x0f;
  26   1              if(GPIO_KEY!=0x0f)//读取按键是否按下
  27   1              {
  28   2                      delay(1000);//延时10ms进行消抖
  29   2                      if(GPIO_KEY!=0x0f)//再次检测键盘是否按下
  30   2                      {       
  31   3                              //测试列
  32   3                              GPIO_KEY=0X0F;
  33   3                              switch(GPIO_KEY)
  34   3                              {
  35   4                                      case(0X07):     KeyValue=0;break;
  36   4                                      case(0X0b):     KeyValue=1;break;
  37   4                                      case(0X0d): KeyValue=2;break;
  38   4                                      case(0X0e):     KeyValue=3;break;
  39   4                              }
  40   3                              //测试行
  41   3                              GPIO_KEY=0XF0;
  42   3                              switch(GPIO_KEY)
  43   3                              {
  44   4                                      case(0X70):     KeyValue=KeyValue;break;
  45   4                                      case(0Xb0):     KeyValue=KeyValue+4;break;
  46   4                                      case(0Xd0): KeyValue=KeyValue+8;break;
  47   4                                      case(0Xe0):     KeyValue=KeyValue+12;break;
  48   4                              }
  49   3      
  50   3                      }
  51   2              }
  52   1              while((a<50)&&(GPIO_KEY!=0xf0))  //检测按键松手检测
  53   1              {
  54   2                      delay(100);
C51 COMPILER V9.57.0.0   KEY                                                               01/06/2022 18:01:07 PAGE 2   

  55   2                      a++;
  56   2              }
  57   1          
  58   1      }
  59          
  60          


MODULE INFORMATION:   STATIC OVERLAYABLE
   CODE SIZE        =    138    ----
   CONSTANT SIZE    =   ----    ----
   XDATA SIZE       =   ----    ----
   PDATA SIZE       =   ----    ----
   DATA SIZE        =      1       1
   IDATA SIZE       =   ----    ----
   BIT SIZE         =   ----    ----
END OF MODULE INFORMATION.


C51 COMPILATION COMPLETE.  0 WARNING(S),  0 ERROR(S)
