C51 COMPILER V9.57.0.0   MAIN                                                              01/06/2022 18:19:43 PAGE 1   


C51 COMPILER V9.57.0.0, COMPILATION OF MODULE MAIN
OBJECT MODULE PLACED IN .\Objects\main.obj
COMPILER INVOKED BY: E:\keil\C51\BIN\C51.EXE main.c OPTIMIZE(8,SPEED) BROWSE DEBUG OBJECTEXTEND PRINT(.\Listings\main.ls
                    -t) OBJECT(.\Objects\main.obj)

line level    source

   1          #include <REGX52.H>
   2          #include "Nixi.h"
   3          #include "HTR.h"
   4          #include "delay.h"
   5          #include "key.h" 
   6          //#include "motor.h"
   7          
   8          
   9          typedef unsigned char  U8;       /* defined for unsigned 8-bits integer variable          无符号8位整型变量  */
  10          typedef unsigned char u8;
  11          
  12          unsigned char speed=65;
  13          unsigned char code zheng[] = {0x09,0x08,0x0c,0x04,0x06,0x02,0x03,0x01};
  14          unsigned char code fan[] = {0x01,0x03,0x02,0x06,0x04,0x0c,0x08,0x09};
  15          
  16          extern U8  U8T_data_H,U8T_data_L,U8RH_data_H,U8RH_data_L;
  17          extern u8 KeyValue;
  18          u8 z=0;
  19          u8 y;
  20          U8 x;
  21             
  22          void main()
  23          {
  24   1      
  25   1          //  RH();//获取温度
  26   1            P2_7=1;
  27   1            P2_1=1;
  28   1        
  29   1           // KeyDown();      
  30   1          
  31   1           TMOD|=0X01;//选择为定时器0模式，工作方式1，仅用TR0打开启动。
  32   1      
  33   1               TH0=0XFC;      //给定时器赋初值，定时1ms
  34   1               TL0=0X18;      
  35   1               ET0=1;//打开定时器0中断允许
  36   1               EA=1;//打开总中断
  37   1               TR0=1;//打开定时器             
  38   1           PT0=1;
  39   1          
  40   1          
  41   1              while(1)
  42   1              {             
  43   2              /*控制空调开关*/
  44   2                       KeyDown();                //按键判断函数
  45   2              //按键控制空调
  46   2                       if(KeyValue == 2)
  47   2                   { P2_7 = 0;  }
  48   2               if(KeyValue == 3)
  49   2                   { P2_7 = 1;  }
  50   2                   
  51   2      //        /*按键控制窗帘电机*/   
  52   2              if (KeyValue == 4 && KeyValue != 6){
  53   3                              for(y=0;y<8;y++){
  54   4                                      P3 = zheng[y];
C51 COMPILER V9.57.0.0   MAIN                                                              01/06/2022 18:19:43 PAGE 2   

  55   4                                      delay1ms(speed);        
  56   4                              }
  57   3                  P3=0x00;
  58   3                  KeyValue = 0;
  59   3                      }
  60   2                      if (KeyValue == 5 && KeyValue != 6){
  61   3                              for(y=0;y<8;y++){
  62   4                                      P3 = fan[y];
  63   4                                      delay1ms(speed);
  64   4                              }
  65   3                  P3=0x00;
  66   3                  KeyValue = 0;
  67   3                  }   
  68   2      
  69   2              
  70   2      //        /*光电控制电机*/
  71   2              if (P2_1 == 1 && x!=1 )//hei
  72   2              {
  73   3                for(y=0;y<8;y++){
  74   4                                      P3 = fan[y];
  75   4                                      delay1ms(speed);}       
  76   3                  P3=0x00;
  77   3                  x=1;
  78   3              }
  79   2              
  80   2              else if(P2_1 != 1 && x!=1 )//liang
  81   2              {
  82   3                              for(y=0;y<8;y++){
  83   4                                      P3 = zheng [y];
  84   4                                      delay1ms(speed);}
  85   3                  P3=0x00;
  86   3                 x=1;
  87   3              }
  88   2              }
  89   1      }
  90          
  91           //数码管显示湿度、温度
  92          
  93              void Timer0() interrupt 1
  94           {
  95   1              Nixie(1,U8RH_data_H/10);
  96   1              Nixie(2,U8RH_data_H%10);
  97   1      
  98   1              Nixie(3,U8T_data_H/10);
  99   1              Nixie(4,U8T_data_H%10);   
 100   1          
 101   1              z++;
 102   1             if(z==10)
 103   1             {
 104   2                 z=0;
 105   2                 RH();//获取温度 
 106   2                 P0 = 0x00;
 107   2             }
 108   1             
 109   1             if(U8T_data_H >20 && KeyValue !=3 )
 110   1              {
 111   2                  P2_7 = 0; 
 112   2              }
 113   1              
 114   1      
 115   1                 TH0=0XE0;    //给定时器赋初值
 116   1                 TL0=0X10;
C51 COMPILER V9.57.0.0   MAIN                                                              01/06/2022 18:19:43 PAGE 3   

 117   1              
 118   1          
 119   1      }


MODULE INFORMATION:   STATIC OVERLAYABLE
   CODE SIZE        =    367    ----
   CONSTANT SIZE    =     16    ----
   XDATA SIZE       =   ----    ----
   PDATA SIZE       =   ----    ----
   DATA SIZE        =      4    ----
   IDATA SIZE       =   ----    ----
   BIT SIZE         =   ----    ----
END OF MODULE INFORMATION.


C51 COMPILATION COMPLETE.  0 WARNING(S),  0 ERROR(S)
