C51 COMPILER V9.57.0.0   MOTOR                                                             01/06/2022 18:01:07 PAGE 1   


C51 COMPILER V9.57.0.0, COMPILATION OF MODULE MOTOR
OBJECT MODULE PLACED IN .\Objects\motor.obj
COMPILER INVOKED BY: E:\keil\C51\BIN\C51.EXE motor.c OPTIMIZE(8,SPEED) BROWSE DEBUG OBJECTEXTEND PRINT(.\Listings\motor.
                    -lst) OBJECT(.\Objects\motor.obj)

line level    source

   1          //#include <reg52.h>
   2          //#include "key.h"
   3          //#define uchar unsigned char
   4          //#define uint unsigned int
   5          //    
   6          
   7          //uchar speed=65;
   8          //uchar code zheng[] = {0x09,0x08,0x0c,0x04,0x06,0x02,0x03,0x01};
   9          //uchar code fan[] = {0x01,0x03,0x02,0x06,0x04,0x0c,0x08,0x09};
  10          
  11          //void delay1ms(uint t){
  12          //      char i;
  13          //      while(t--){
  14          //              for(i=0;i<113;i++);
  15          //      }
  16          //}
  17          
  18          
  19          //void main()
  20          //{
  21          //      uchar i;
  22          
  23          //      while(1){
  24          //              if (KeyValue == 4){
  25          //                      for(i=0;i<8;i++){
  26          //                              P3 = fan[i];
  27          //                              delay1ms(speed);        
  28          //                      }
  29          //              }
  30          //              if (KeyValue == 5){
  31          //                      for(i=0;i<8;i++){
  32          //                              P3 = zheng [i];
  33          //                              delay1ms(speed);
  34          //                      }
  35          //              }
  36          //      }
  37          //}
  38          // 


MODULE INFORMATION:   STATIC OVERLAYABLE
   CODE SIZE        =   ----    ----
   CONSTANT SIZE    =   ----    ----
   XDATA SIZE       =   ----    ----
   PDATA SIZE       =   ----    ----
   DATA SIZE        =   ----    ----
   IDATA SIZE       =   ----    ----
   BIT SIZE         =   ----    ----
END OF MODULE INFORMATION.


C51 COMPILATION COMPLETE.  0 WARNING(S),  0 ERROR(S)
