C51 COMPILER V9.57.0.0   NIXI                                                              01/06/2022 18:01:06 PAGE 1   


C51 COMPILER V9.57.0.0, COMPILATION OF MODULE NIXI
OBJECT MODULE PLACED IN .\Objects\Nixi.obj
COMPILER INVOKED BY: E:\keil\C51\BIN\C51.EXE Nixi.c OPTIMIZE(8,SPEED) BROWSE DEBUG OBJECTEXTEND PRINT(.\Listings\Nixi.ls
                    -t) OBJECT(.\Objects\Nixi.obj)

line level    source

   1          #include <REGX52.H>
   2          
   3          ///////////////延时函数
   4          void Delay1ms()         //@11.0592MHz
   5          {
   6   1              unsigned char i, j;
   7   1      
   8   1              i = 2;
   9   1              j = 199;
  10   1              do
  11   1              {
  12   2                      while (--j);
  13   2              } while (--i);
  14   1      }
  15          
  16          
  17          //////////////段选
  18          unsigned char NixieTable1[]={0x3F,0x06,0x5B,0x4F,0x66,0x6D,0x7D,0x07,0x7F,0x6F};
  19          unsigned char NixieTable2[]={0xAF,0x86,0xDB,0xCF,0xE6,0xED,0xFD,0x87,0xFF,0xEF};    
  20              
  21          
  22          void Nixie(unsigned char location,number)
  23          {
  24   1      //////////////位选（38译码器）
  25   1          switch(location)
  26   1          {
  27   2                case 1: P2_4=0; P2_3=0;P2_2=0;break;
  28   2                case 2: P2_4=0; P2_3=0;P2_2=1;break;
  29   2                case 3: P2_4=0; P2_3=1;P2_2=0;break;
  30   2                case 4: P2_4=0; P2_3=1;P2_2=1;break;
  31   2                case 5: P2_4=1; P2_3=0;P2_2=0;break;
  32   2                case 6: P2_4=1; P2_3=0;P2_2=1;break;
  33   2                case 7: P2_4=1; P2_3=1;P2_2=0;break;
  34   2                case 8: P2_4=1; P2_3=1;P2_2=1;break;
  35   2          
  36   2          }
  37   1          
  38   1       
  39   1          
  40   1      //////////////段选（16进制数）
  41   1          if(location == 6)
  42   1          {  P0 = NixieTable2[number]; }
  43   1          else
  44   1          {  P0 = NixieTable1[number]; }
  45   1         
  46   1          Delay1ms();
  47   1        //  P0 = 0x00;        //清屏
  48   1       
  49   1      }


MODULE INFORMATION:   STATIC OVERLAYABLE
   CODE SIZE        =    119    ----
   CONSTANT SIZE    =   ----    ----
C51 COMPILER V9.57.0.0   NIXI                                                              01/06/2022 18:01:06 PAGE 2   

   XDATA SIZE       =   ----    ----
   PDATA SIZE       =   ----    ----
   DATA SIZE        =     20    ----
   IDATA SIZE       =   ----    ----
   BIT SIZE         =   ----    ----
END OF MODULE INFORMATION.


C51 COMPILATION COMPLETE.  0 WARNING(S),  0 ERROR(S)
